INFO train.py(102): Loaded mfnet model from: model_last/my_cross/fusion_model_mfnet.pth
INFO train.py(124): Training Fusion Model start~
INFO train.py(189): step: 10/2610, loss_total: 27.1766, loss_in: 0.0495, loss_grad: 0.3532, ssim_loss: 0.2633, eta: 1:00:26, time: 13.9479
INFO train.py(189): step: 20/2610, loss_total: 28.3445, loss_in: 0.0535, loss_grad: 0.4542, ssim_loss: 0.2736, eta: 0:42:53, time: 5.9243
INFO train.py(189): step: 30/2610, loss_total: 25.4063, loss_in: 0.0546, loss_grad: 0.4343, ssim_loss: 0.2443, eta: 0:37:41, time: 6.4239
INFO train.py(189): step: 40/2610, loss_total: 27.3065, loss_in: 0.0564, loss_grad: 0.4344, ssim_loss: 0.2631, eta: 0:35:01, time: 6.4088
INFO train.py(189): step: 50/2610, loss_total: 27.6622, loss_in: 0.0716, loss_grad: 0.5429, ssim_loss: 0.2640, eta: 0:33:24, time: 6.4536
INFO train.py(189): step: 60/2610, loss_total: 25.5519, loss_in: 0.0515, loss_grad: 0.4289, ssim_loss: 0.2461, eta: 0:32:18, time: 6.4469
INFO train.py(189): step: 70/2610, loss_total: 26.1411, loss_in: 0.0469, loss_grad: 0.3898, ssim_loss: 0.2528, eta: 0:31:29, time: 6.4602
INFO train.py(189): step: 80/2610, loss_total: 26.8758, loss_in: 0.0490, loss_grad: 0.4093, ssim_loss: 0.2598, eta: 0:30:51, time: 6.4712
INFO train.py(189): step: 90/2610, loss_total: 25.1423, loss_in: 0.0304, loss_grad: 0.2846, ssim_loss: 0.2455, eta: 0:30:21, time: 6.5003
INFO train.py(189): step: 100/2610, loss_total: 25.8093, loss_in: 0.0605, loss_grad: 0.4689, ssim_loss: 0.2474, eta: 0:29:54, time: 6.4502
INFO train.py(189): step: 110/2610, loss_total: 26.3713, loss_in: 0.0457, loss_grad: 0.3857, ssim_loss: 0.2553, eta: 0:29:31, time: 6.4495
INFO train.py(189): step: 120/2610, loss_total: 23.5084, loss_in: 0.0463, loss_grad: 0.3770, ssim_loss: 0.2267, eta: 0:29:16, time: 6.6942
INFO train.py(189): step: 130/2610, loss_total: 21.7845, loss_in: 0.0274, loss_grad: 0.2718, ssim_loss: 0.2124, eta: 0:28:59, time: 6.5624
INFO train.py(189): step: 140/2610, loss_total: 27.6247, loss_in: 0.0525, loss_grad: 0.4468, ssim_loss: 0.2665, eta: 0:28:42, time: 6.4232
INFO train.py(189): step: 150/2610, loss_total: 23.6580, loss_in: 0.0377, loss_grad: 0.3293, ssim_loss: 0.2295, eta: 0:28:25, time: 6.3895
INFO train.py(189): step: 160/2610, loss_total: 26.2472, loss_in: 0.0491, loss_grad: 0.4069, ssim_loss: 0.2535, eta: 0:28:10, time: 6.4089
INFO train.py(189): step: 170/2610, loss_total: 25.5098, loss_in: 0.0483, loss_grad: 0.3749, ssim_loss: 0.2465, eta: 0:27:56, time: 6.4116
INFO train.py(189): step: 180/2610, loss_total: 26.8961, loss_in: 0.0529, loss_grad: 0.4055, ssim_loss: 0.2596, eta: 0:27:43, time: 6.4014
INFO train.py(189): step: 190/2610, loss_total: 27.0136, loss_in: 0.0548, loss_grad: 0.4454, ssim_loss: 0.2602, eta: 0:27:31, time: 6.4000
INFO train.py(189): step: 200/2610, loss_total: 26.8569, loss_in: 0.0547, loss_grad: 0.4399, ssim_loss: 0.2587, eta: 0:27:18, time: 6.3795
INFO train.py(189): step: 210/2610, loss_total: 24.8303, loss_in: 0.0457, loss_grad: 0.3668, ssim_loss: 0.2401, eta: 0:27:07, time: 6.3906
INFO train.py(189): step: 220/2610, loss_total: 25.4093, loss_in: 0.0473, loss_grad: 0.3575, ssim_loss: 0.2458, eta: 0:26:50, time: 5.8870
INFO train.py(189): step: 230/2610, loss_total: 27.3691, loss_in: 0.0721, loss_grad: 0.5332, ssim_loss: 0.2612, eta: 0:26:40, time: 6.3892
INFO train.py(189): step: 240/2610, loss_total: 26.2222, loss_in: 0.0417, loss_grad: 0.3541, ssim_loss: 0.2545, eta: 0:26:30, time: 6.3900
INFO train.py(189): step: 250/2610, loss_total: 27.5477, loss_in: 0.0639, loss_grad: 0.4959, ssim_loss: 0.2641, eta: 0:26:20, time: 6.3960
INFO train.py(189): step: 260/2610, loss_total: 27.1878, loss_in: 0.0668, loss_grad: 0.5243, ssim_loss: 0.2600, eta: 0:26:11, time: 6.3735
INFO train.py(189): step: 270/2610, loss_total: 29.3530, loss_in: 0.0839, loss_grad: 0.6174, ssim_loss: 0.2790, eta: 0:26:08, time: 7.1769
INFO train.py(189): step: 280/2610, loss_total: 26.1726, loss_in: 0.0573, loss_grad: 0.4510, ssim_loss: 0.2515, eta: 0:25:59, time: 6.3831
INFO train.py(189): step: 290/2610, loss_total: 26.2909, loss_in: 0.0538, loss_grad: 0.4213, ssim_loss: 0.2533, eta: 0:25:50, time: 6.3879
INFO train.py(189): step: 300/2610, loss_total: 24.3198, loss_in: 0.0288, loss_grad: 0.2666, ssim_loss: 0.2377, eta: 0:25:41, time: 6.3849
INFO train.py(189): step: 310/2610, loss_total: 26.3973, loss_in: 0.0571, loss_grad: 0.4254, ssim_loss: 0.2540, eta: 0:25:32, time: 6.3948
INFO train.py(189): step: 320/2610, loss_total: 28.3719, loss_in: 0.0693, loss_grad: 0.5159, ssim_loss: 0.2716, eta: 0:25:20, time: 5.8920
INFO train.py(189): step: 330/2610, loss_total: 23.2868, loss_in: 0.0304, loss_grad: 0.2777, ssim_loss: 0.2271, eta: 0:25:12, time: 6.3915
INFO train.py(189): step: 340/2610, loss_total: 26.6344, loss_in: 0.0529, loss_grad: 0.4477, ssim_loss: 0.2566, eta: 0:25:03, time: 6.4061
INFO train.py(189): step: 350/2610, loss_total: 23.2476, loss_in: 0.0294, loss_grad: 0.2754, ssim_loss: 0.2268, eta: 0:24:55, time: 6.3948
INFO train.py(189): step: 360/2610, loss_total: 27.0185, loss_in: 0.0442, loss_grad: 0.3850, ssim_loss: 0.2619, eta: 0:24:47, time: 6.3985
INFO train.py(189): step: 370/2610, loss_total: 23.2997, loss_in: 0.0191, loss_grad: 0.2077, ssim_loss: 0.2290, eta: 0:24:39, time: 6.3953
INFO train.py(189): step: 380/2610, loss_total: 27.4166, loss_in: 0.0503, loss_grad: 0.4030, ssim_loss: 0.2651, eta: 0:24:32, time: 6.4020
INFO train.py(189): step: 390/2610, loss_total: 25.2513, loss_in: 0.0369, loss_grad: 0.3084, ssim_loss: 0.2457, eta: 0:24:24, time: 6.3951
INFO train.py(189): step: 400/2610, loss_total: 22.9252, loss_in: 0.0418, loss_grad: 0.3254, ssim_loss: 0.2218, eta: 0:24:16, time: 6.3946
INFO train.py(189): step: 410/2610, loss_total: 25.5887, loss_in: 0.0478, loss_grad: 0.3810, ssim_loss: 0.2473, eta: 0:24:08, time: 6.4027
INFO train.py(189): step: 420/2610, loss_total: 24.5746, loss_in: 0.0422, loss_grad: 0.3665, ssim_loss: 0.2379, eta: 0:23:58, time: 5.7696
INFO train.py(189): step: 430/2610, loss_total: 26.8479, loss_in: 0.0554, loss_grad: 0.4325, ssim_loss: 0.2586, eta: 0:23:51, time: 6.5303
INFO train.py(189): step: 440/2610, loss_total: 24.1362, loss_in: 0.0405, loss_grad: 0.3231, ssim_loss: 0.2341, eta: 0:23:44, time: 6.5360
INFO train.py(189): step: 450/2610, loss_total: 26.9011, loss_in: 0.0561, loss_grad: 0.4604, ssim_loss: 0.2588, eta: 0:23:38, time: 6.5851
INFO train.py(189): step: 460/2610, loss_total: 26.0624, loss_in: 0.0522, loss_grad: 0.4007, ssim_loss: 0.2514, eta: 0:23:31, time: 6.5705
INFO train.py(189): step: 470/2610, loss_total: 27.0241, loss_in: 0.0640, loss_grad: 0.4862, ssim_loss: 0.2590, eta: 0:23:25, time: 6.5891
INFO train.py(189): step: 480/2610, loss_total: 24.9682, loss_in: 0.0362, loss_grad: 0.2891, ssim_loss: 0.2432, eta: 0:23:18, time: 6.5260
INFO train.py(189): step: 490/2610, loss_total: 25.5274, loss_in: 0.0379, loss_grad: 0.3316, ssim_loss: 0.2482, eta: 0:23:11, time: 6.5938
INFO train.py(189): step: 500/2610, loss_total: 24.6623, loss_in: 0.0278, loss_grad: 0.2638, ssim_loss: 0.2412, eta: 0:23:05, time: 6.5852
INFO train.py(189): step: 510/2610, loss_total: 26.4255, loss_in: 0.0396, loss_grad: 0.3676, ssim_loss: 0.2566, eta: 0:22:58, time: 6.5389
INFO train.py(189): step: 520/2610, loss_total: 23.9173, loss_in: 0.0263, loss_grad: 0.2439, ssim_loss: 0.2341, eta: 0:22:50, time: 6.0461
INFO train.py(189): step: 530/2610, loss_total: 24.2926, loss_in: 0.0336, loss_grad: 0.2999, ssim_loss: 0.2366, eta: 0:22:45, time: 7.0674
INFO train.py(189): step: 540/2610, loss_total: 23.9896, loss_in: 0.0329, loss_grad: 0.2892, ssim_loss: 0.2337, eta: 0:22:38, time: 6.3889
INFO train.py(189): step: 550/2610, loss_total: 25.3697, loss_in: 0.0362, loss_grad: 0.3179, ssim_loss: 0.2469, eta: 0:22:31, time: 6.3880
INFO train.py(189): step: 560/2610, loss_total: 29.8008, loss_in: 0.0466, loss_grad: 0.3754, ssim_loss: 0.2896, eta: 0:22:23, time: 6.3743
INFO train.py(189): step: 570/2610, loss_total: 25.0719, loss_in: 0.0332, loss_grad: 0.2881, ssim_loss: 0.2445, eta: 0:22:16, time: 6.4000
INFO train.py(189): step: 580/2610, loss_total: 22.5128, loss_in: 0.0173, loss_grad: 0.1770, ssim_loss: 0.2216, eta: 0:22:09, time: 6.3888
INFO train.py(189): step: 590/2610, loss_total: 24.3141, loss_in: 0.0252, loss_grad: 0.2429, ssim_loss: 0.2382, eta: 0:22:02, time: 6.3884
INFO train.py(189): step: 600/2610, loss_total: 24.2454, loss_in: 0.0213, loss_grad: 0.2269, ssim_loss: 0.2381, eta: 0:21:55, time: 6.3730
INFO train.py(189): step: 610/2610, loss_total: 28.3089, loss_in: 0.0277, loss_grad: 0.2910, ssim_loss: 0.2774, eta: 0:21:48, time: 6.3891
INFO train.py(189): step: 620/2610, loss_total: 24.6870, loss_in: 0.0235, loss_grad: 0.2534, ssim_loss: 0.2420, eta: 0:21:39, time: 5.8851
INFO train.py(189): step: 630/2610, loss_total: 26.2146, loss_in: 0.0200, loss_grad: 0.2411, ssim_loss: 0.2577, eta: 0:21:32, time: 6.3895
INFO train.py(189): step: 640/2610, loss_total: 24.8405, loss_in: 0.0140, loss_grad: 0.1921, ssim_loss: 0.2451, eta: 0:21:25, time: 6.3824
INFO train.py(189): step: 650/2610, loss_total: 26.2155, loss_in: 0.0198, loss_grad: 0.2364, ssim_loss: 0.2578, eta: 0:21:18, time: 6.3894
INFO train.py(189): step: 660/2610, loss_total: 26.8784, loss_in: 0.0214, loss_grad: 0.2507, ssim_loss: 0.2641, eta: 0:21:11, time: 6.3946
INFO train.py(189): step: 670/2610, loss_total: 25.9468, loss_in: 0.0110, loss_grad: 0.1938, ssim_loss: 0.2564, eta: 0:21:05, time: 6.3961
INFO train.py(189): step: 680/2610, loss_total: 28.4607, loss_in: 0.0159, loss_grad: 0.2609, ssim_loss: 0.2804, eta: 0:20:58, time: 6.3872
INFO train.py(189): step: 690/2610, loss_total: 27.2902, loss_in: 0.0265, loss_grad: 0.2877, ssim_loss: 0.2674, eta: 0:20:51, time: 6.3922
INFO train.py(189): step: 700/2610, loss_total: 23.3044, loss_in: 0.0229, loss_grad: 0.2354, ssim_loss: 0.2284, eta: 0:20:44, time: 6.3950
INFO train.py(189): step: 710/2610, loss_total: 27.2958, loss_in: 0.0196, loss_grad: 0.2566, ssim_loss: 0.2684, eta: 0:20:37, time: 6.3880
INFO train.py(189): step: 720/2610, loss_total: 21.8041, loss_in: 0.0113, loss_grad: 0.1638, ssim_loss: 0.2153, eta: 0:20:29, time: 5.8850
INFO train.py(189): step: 730/2610, loss_total: 26.4854, loss_in: 0.0076, loss_grad: 0.1993, ssim_loss: 0.2621, eta: 0:20:22, time: 6.3989
INFO train.py(189): step: 740/2610, loss_total: 24.9800, loss_in: 0.0061, loss_grad: 0.1541, ssim_loss: 0.2476, eta: 0:20:15, time: 6.3920
INFO train.py(189): step: 750/2610, loss_total: 29.6411, loss_in: 0.0078, loss_grad: 0.2440, ssim_loss: 0.2932, eta: 0:20:09, time: 6.3884
INFO train.py(189): step: 760/2610, loss_total: 26.3472, loss_in: 0.0080, loss_grad: 0.2053, ssim_loss: 0.2606, eta: 0:20:02, time: 6.3879
INFO train.py(189): step: 770/2610, loss_total: 25.4437, loss_in: 0.0092, loss_grad: 0.1973, ssim_loss: 0.2515, eta: 0:19:55, time: 6.4284
INFO train.py(189): step: 780/2610, loss_total: 26.1424, loss_in: 0.0064, loss_grad: 0.1642, ssim_loss: 0.2591, eta: 0:19:49, time: 6.4595
INFO train.py(189): step: 790/2610, loss_total: 26.2166, loss_in: 0.0070, loss_grad: 0.1581, ssim_loss: 0.2599, eta: 0:19:44, time: 7.1518
INFO train.py(189): step: 800/2610, loss_total: 24.7944, loss_in: 0.0053, loss_grad: 0.1646, ssim_loss: 0.2458, eta: 0:19:37, time: 6.5436
INFO train.py(189): step: 810/2610, loss_total: 26.6340, loss_in: 0.0035, loss_grad: 0.1743, ssim_loss: 0.2642, eta: 0:19:36, time: 8.7046
INFO train.py(189): step: 820/2610, loss_total: 22.0933, loss_in: 0.0061, loss_grad: 0.1134, ssim_loss: 0.2192, eta: 0:19:34, time: 9.0358
INFO train.py(189): step: 830/2610, loss_total: 24.9183, loss_in: 0.0051, loss_grad: 0.1522, ssim_loss: 0.2472, eta: 0:19:33, time: 8.9412
INFO train.py(189): step: 840/2610, loss_total: 25.0051, loss_in: 0.0058, loss_grad: 0.1356, ssim_loss: 0.2481, eta: 0:19:30, time: 8.1128
INFO train.py(189): step: 850/2610, loss_total: 25.9501, loss_in: 0.0041, loss_grad: 0.1570, ssim_loss: 0.2575, eta: 0:19:23, time: 6.3955
INFO train.py(189): step: 860/2610, loss_total: 24.0237, loss_in: 0.0045, loss_grad: 0.1380, ssim_loss: 0.2384, eta: 0:19:15, time: 6.3933
INFO train.py(189): step: 870/2610, loss_total: 24.4463, loss_in: 0.0023, loss_grad: 0.1150, ssim_loss: 0.2431, eta: 0:19:08, time: 6.3971
INFO train.py(189): step: 880/2610, loss_total: 24.5480, loss_in: 0.0033, loss_grad: 0.1521, ssim_loss: 0.2436, eta: 0:19:01, time: 6.3948
INFO train.py(189): step: 890/2610, loss_total: 25.3837, loss_in: 0.0037, loss_grad: 0.1612, ssim_loss: 0.2519, eta: 0:18:54, time: 6.3917
INFO train.py(189): step: 900/2610, loss_total: 25.3019, loss_in: 0.0036, loss_grad: 0.1463, ssim_loss: 0.2512, eta: 0:18:47, time: 6.3922
INFO train.py(189): step: 910/2610, loss_total: 24.3953, loss_in: 0.0043, loss_grad: 0.1430, ssim_loss: 0.2421, eta: 0:18:40, time: 6.3870
INFO train.py(189): step: 920/2610, loss_total: 23.7448, loss_in: 0.0032, loss_grad: 0.1089, ssim_loss: 0.2360, eta: 0:18:31, time: 5.1052
INFO train.py(189): step: 930/2610, loss_total: 23.5759, loss_in: 0.0031, loss_grad: 0.1086, ssim_loss: 0.2344, eta: 0:18:19, time: 3.6970
INFO train.py(189): step: 940/2610, loss_total: 22.1241, loss_in: 0.0037, loss_grad: 0.1095, ssim_loss: 0.2198, eta: 0:18:08, time: 3.8509
INFO train.py(189): step: 950/2610, loss_total: 27.2743, loss_in: 0.0026, loss_grad: 0.1627, ssim_loss: 0.2709, eta: 0:17:57, time: 3.9503
INFO train.py(189): step: 960/2610, loss_total: 20.2118, loss_in: 0.0035, loss_grad: 0.0997, ssim_loss: 0.2008, eta: 0:17:46, time: 3.8412
INFO train.py(189): step: 970/2610, loss_total: 25.7861, loss_in: 0.0037, loss_grad: 0.1633, ssim_loss: 0.2559, eta: 0:17:35, time: 4.0053
INFO train.py(189): step: 980/2610, loss_total: 22.2684, loss_in: 0.0034, loss_grad: 0.0912, ssim_loss: 0.2214, eta: 0:17:25, time: 3.8238
INFO train.py(189): step: 990/2610, loss_total: 24.0324, loss_in: 0.0029, loss_grad: 0.1021, ssim_loss: 0.2390, eta: 0:17:14, time: 3.8723
INFO train.py(189): step: 1000/2610, loss_total: 21.4925, loss_in: 0.0040, loss_grad: 0.1066, ssim_loss: 0.2135, eta: 0:17:04, time: 3.9555
INFO train.py(189): step: 1010/2610, loss_total: 25.8547, loss_in: 0.0028, loss_grad: 0.1369, ssim_loss: 0.2569, eta: 0:16:53, time: 3.8217
INFO train.py(189): step: 1020/2610, loss_total: 21.9400, loss_in: 0.0032, loss_grad: 0.1134, ssim_loss: 0.2179, eta: 0:16:43, time: 3.8674
INFO train.py(189): step: 1030/2610, loss_total: 22.8315, loss_in: 0.0026, loss_grad: 0.0930, ssim_loss: 0.2271, eta: 0:16:33, time: 3.9015
INFO train.py(189): step: 1040/2610, loss_total: 23.2875, loss_in: 0.0034, loss_grad: 0.1000, ssim_loss: 0.2315, eta: 0:16:23, time: 3.8112
INFO train.py(189): step: 1050/2610, loss_total: 25.5645, loss_in: 0.0031, loss_grad: 0.1453, ssim_loss: 0.2539, eta: 0:16:14, time: 4.6594
INFO train.py(189): step: 1060/2610, loss_total: 25.4763, loss_in: 0.0034, loss_grad: 0.1302, ssim_loss: 0.2531, eta: 0:16:05, time: 4.0251
INFO train.py(189): step: 1070/2610, loss_total: 22.5746, loss_in: 0.0033, loss_grad: 0.1106, ssim_loss: 0.2243, eta: 0:15:55, time: 3.8722
INFO train.py(189): step: 1080/2610, loss_total: 26.0524, loss_in: 0.0036, loss_grad: 0.1377, ssim_loss: 0.2588, eta: 0:15:46, time: 4.0874
INFO train.py(189): step: 1090/2610, loss_total: 22.9042, loss_in: 0.0043, loss_grad: 0.1157, ssim_loss: 0.2275, eta: 0:15:39, time: 5.6920
INFO train.py(189): step: 1100/2610, loss_total: 22.6012, loss_in: 0.0024, loss_grad: 0.1028, ssim_loss: 0.2247, eta: 0:15:33, time: 6.1918
INFO train.py(189): step: 1110/2610, loss_total: 26.0843, loss_in: 0.0029, loss_grad: 0.1247, ssim_loss: 0.2593, eta: 0:15:28, time: 7.0546
INFO train.py(189): step: 1120/2610, loss_total: 23.8902, loss_in: 0.0024, loss_grad: 0.1162, ssim_loss: 0.2375, eta: 0:15:22, time: 6.5915
INFO train.py(189): step: 1130/2610, loss_total: 24.5505, loss_in: 0.0024, loss_grad: 0.1162, ssim_loss: 0.2441, eta: 0:15:13, time: 3.7986
INFO train.py(189): step: 1140/2610, loss_total: 25.0946, loss_in: 0.0022, loss_grad: 0.1147, ssim_loss: 0.2496, eta: 0:15:04, time: 3.8368
INFO train.py(189): step: 1150/2610, loss_total: 22.6221, loss_in: 0.0022, loss_grad: 0.0891, ssim_loss: 0.2251, eta: 0:14:55, time: 4.0082
INFO train.py(189): step: 1160/2610, loss_total: 25.4185, loss_in: 0.0025, loss_grad: 0.1273, ssim_loss: 0.2527, eta: 0:14:46, time: 3.8528
INFO train.py(189): step: 1170/2610, loss_total: 21.8694, loss_in: 0.0023, loss_grad: 0.0816, ssim_loss: 0.2176, eta: 0:14:37, time: 3.9866
INFO train.py(189): step: 1180/2610, loss_total: 24.2572, loss_in: 0.0020, loss_grad: 0.1123, ssim_loss: 0.2412, eta: 0:14:29, time: 3.8852
INFO train.py(189): step: 1190/2610, loss_total: 23.5306, loss_in: 0.0022, loss_grad: 0.1089, ssim_loss: 0.2340, eta: 0:14:20, time: 3.9104
INFO train.py(189): step: 1200/2610, loss_total: 24.7715, loss_in: 0.0020, loss_grad: 0.1086, ssim_loss: 0.2464, eta: 0:14:11, time: 4.0000
INFO train.py(189): step: 1210/2610, loss_total: 22.5839, loss_in: 0.0027, loss_grad: 0.1115, ssim_loss: 0.2245, eta: 0:14:03, time: 4.1381
INFO train.py(189): step: 1220/2610, loss_total: 25.0192, loss_in: 0.0039, loss_grad: 0.1186, ssim_loss: 0.2486, eta: 0:13:56, time: 4.8370
INFO train.py(189): step: 1230/2610, loss_total: 24.5220, loss_in: 0.0025, loss_grad: 0.1068, ssim_loss: 0.2439, eta: 0:13:50, time: 6.2321
INFO train.py(189): step: 1240/2610, loss_total: 23.8697, loss_in: 0.0037, loss_grad: 0.1330, ssim_loss: 0.2370, eta: 0:13:44, time: 6.2205
INFO train.py(189): step: 1250/2610, loss_total: 23.8735, loss_in: 0.0019, loss_grad: 0.1008, ssim_loss: 0.2375, eta: 0:13:38, time: 6.1811
INFO train.py(189): step: 1260/2610, loss_total: 21.8399, loss_in: 0.0021, loss_grad: 0.0800, ssim_loss: 0.2174, eta: 0:13:31, time: 5.0157
INFO train.py(189): step: 1270/2610, loss_total: 22.5039, loss_in: 0.0030, loss_grad: 0.1178, ssim_loss: 0.2236, eta: 0:13:23, time: 3.9407
INFO train.py(189): step: 1280/2610, loss_total: 23.1308, loss_in: 0.0017, loss_grad: 0.1027, ssim_loss: 0.2301, eta: 0:13:15, time: 4.0854
INFO train.py(189): step: 1290/2610, loss_total: 25.3330, loss_in: 0.0019, loss_grad: 0.1074, ssim_loss: 0.2521, eta: 0:13:07, time: 4.0325
INFO train.py(189): step: 1300/2610, loss_total: 25.8759, loss_in: 0.0028, loss_grad: 0.1255, ssim_loss: 0.2572, eta: 0:13:00, time: 4.3982
INFO train.py(189): step: 1310/2610, loss_total: 25.6993, loss_in: 0.0019, loss_grad: 0.1228, ssim_loss: 0.2556, eta: 0:12:55, time: 7.0040
INFO train.py(189): step: 1320/2610, loss_total: 21.8372, loss_in: 0.0027, loss_grad: 0.0787, ssim_loss: 0.2173, eta: 0:12:49, time: 6.1715
INFO train.py(189): step: 1330/2610, loss_total: 25.3994, loss_in: 0.0029, loss_grad: 0.1341, ssim_loss: 0.2524, eta: 0:12:43, time: 6.2192
INFO train.py(189): step: 1340/2610, loss_total: 25.3298, loss_in: 0.0019, loss_grad: 0.1142, ssim_loss: 0.2520, eta: 0:12:37, time: 6.1823
INFO train.py(189): step: 1350/2610, loss_total: 23.1118, loss_in: 0.0030, loss_grad: 0.1032, ssim_loss: 0.2298, eta: 0:12:31, time: 5.9126
INFO train.py(189): step: 1360/2610, loss_total: 23.9523, loss_in: 0.0027, loss_grad: 0.1063, ssim_loss: 0.2382, eta: 0:12:24, time: 3.9640
INFO train.py(189): step: 1370/2610, loss_total: 24.2700, loss_in: 0.0022, loss_grad: 0.1075, ssim_loss: 0.2414, eta: 0:12:16, time: 3.9949
INFO train.py(189): step: 1380/2610, loss_total: 24.1794, loss_in: 0.0026, loss_grad: 0.1071, ssim_loss: 0.2405, eta: 0:12:08, time: 3.9924
INFO train.py(189): step: 1390/2610, loss_total: 24.7861, loss_in: 0.0028, loss_grad: 0.1259, ssim_loss: 0.2463, eta: 0:12:01, time: 3.9891
INFO train.py(189): step: 1400/2610, loss_total: 25.6526, loss_in: 0.0020, loss_grad: 0.1264, ssim_loss: 0.2551, eta: 0:11:53, time: 3.9987
INFO train.py(189): step: 1410/2610, loss_total: 22.9627, loss_in: 0.0027, loss_grad: 0.0876, ssim_loss: 0.2285, eta: 0:11:45, time: 3.9982
INFO train.py(189): step: 1420/2610, loss_total: 27.2663, loss_in: 0.0032, loss_grad: 0.1371, ssim_loss: 0.2710, eta: 0:11:38, time: 3.9988
INFO train.py(189): step: 1430/2610, loss_total: 24.4517, loss_in: 0.0024, loss_grad: 0.1159, ssim_loss: 0.2431, eta: 0:11:30, time: 3.8477
INFO train.py(189): step: 1440/2610, loss_total: 24.2993, loss_in: 0.0032, loss_grad: 0.1088, ssim_loss: 0.2416, eta: 0:11:23, time: 3.9600
INFO train.py(189): step: 1450/2610, loss_total: 24.6034, loss_in: 0.0023, loss_grad: 0.1178, ssim_loss: 0.2446, eta: 0:11:16, time: 4.0036
INFO train.py(189): step: 1460/2610, loss_total: 23.5395, loss_in: 0.0025, loss_grad: 0.1009, ssim_loss: 0.2341, eta: 0:11:08, time: 3.8777
INFO train.py(189): step: 1470/2610, loss_total: 25.9702, loss_in: 0.0025, loss_grad: 0.1233, ssim_loss: 0.2582, eta: 0:11:01, time: 3.9607
INFO train.py(189): step: 1480/2610, loss_total: 22.9864, loss_in: 0.0020, loss_grad: 0.1037, ssim_loss: 0.2286, eta: 0:10:54, time: 4.0233
INFO train.py(189): step: 1490/2610, loss_total: 23.7473, loss_in: 0.0020, loss_grad: 0.1005, ssim_loss: 0.2363, eta: 0:10:47, time: 3.9001
INFO train.py(189): step: 1500/2610, loss_total: 22.8551, loss_in: 0.0021, loss_grad: 0.0845, ssim_loss: 0.2275, eta: 0:10:40, time: 3.9804
INFO train.py(189): step: 1510/2610, loss_total: 23.1445, loss_in: 0.0022, loss_grad: 0.1084, ssim_loss: 0.2301, eta: 0:10:33, time: 3.9956
INFO train.py(189): step: 1520/2610, loss_total: 23.2592, loss_in: 0.0033, loss_grad: 0.1042, ssim_loss: 0.2312, eta: 0:10:26, time: 3.9977
INFO train.py(189): step: 1530/2610, loss_total: 24.2678, loss_in: 0.0014, loss_grad: 0.0859, ssim_loss: 0.2417, eta: 0:10:19, time: 4.0270
INFO train.py(189): step: 1540/2610, loss_total: 24.2994, loss_in: 0.0023, loss_grad: 0.1129, ssim_loss: 0.2416, eta: 0:10:12, time: 3.8621
INFO train.py(189): step: 1550/2610, loss_total: 24.9287, loss_in: 0.0026, loss_grad: 0.1292, ssim_loss: 0.2477, eta: 0:10:05, time: 3.9657
INFO train.py(189): step: 1560/2610, loss_total: 25.6244, loss_in: 0.0024, loss_grad: 0.1176, ssim_loss: 0.2548, eta: 0:09:58, time: 4.0356
INFO train.py(189): step: 1570/2610, loss_total: 23.2261, loss_in: 0.0016, loss_grad: 0.0859, ssim_loss: 0.2312, eta: 0:09:51, time: 4.6987
INFO train.py(189): step: 1580/2610, loss_total: 25.1411, loss_in: 0.0021, loss_grad: 0.1188, ssim_loss: 0.2500, eta: 0:09:45, time: 3.9806
INFO train.py(189): step: 1590/2610, loss_total: 24.9817, loss_in: 0.0023, loss_grad: 0.1066, ssim_loss: 0.2485, eta: 0:09:38, time: 3.9944
INFO train.py(189): step: 1600/2610, loss_total: 23.0497, loss_in: 0.0024, loss_grad: 0.1049, ssim_loss: 0.2292, eta: 0:09:31, time: 3.8775
INFO train.py(189): step: 1610/2610, loss_total: 24.4397, loss_in: 0.0024, loss_grad: 0.1056, ssim_loss: 0.2431, eta: 0:09:24, time: 4.0103
INFO train.py(189): step: 1620/2610, loss_total: 23.9983, loss_in: 0.0023, loss_grad: 0.0992, ssim_loss: 0.2388, eta: 0:09:18, time: 3.9668
INFO train.py(189): step: 1630/2610, loss_total: 23.5080, loss_in: 0.0018, loss_grad: 0.1004, ssim_loss: 0.2339, eta: 0:09:11, time: 4.0037
INFO train.py(189): step: 1640/2610, loss_total: 22.7695, loss_in: 0.0027, loss_grad: 0.0869, ssim_loss: 0.2266, eta: 0:09:04, time: 3.8696
INFO train.py(189): step: 1650/2610, loss_total: 22.4909, loss_in: 0.0028, loss_grad: 0.0905, ssim_loss: 0.2237, eta: 0:08:58, time: 3.9692
INFO train.py(189): step: 1660/2610, loss_total: 24.5879, loss_in: 0.0023, loss_grad: 0.0966, ssim_loss: 0.2447, eta: 0:08:51, time: 4.0169
INFO train.py(189): step: 1670/2610, loss_total: 22.4619, loss_in: 0.0021, loss_grad: 0.0848, ssim_loss: 0.2236, eta: 0:08:45, time: 3.8796
INFO train.py(189): step: 1680/2610, loss_total: 24.7270, loss_in: 0.0024, loss_grad: 0.1154, ssim_loss: 0.2459, eta: 0:08:38, time: 3.9528
INFO train.py(189): step: 1690/2610, loss_total: 24.5715, loss_in: 0.0024, loss_grad: 0.1178, ssim_loss: 0.2443, eta: 0:08:32, time: 3.9863
INFO train.py(189): step: 1700/2610, loss_total: 23.4536, loss_in: 0.0035, loss_grad: 0.1050, ssim_loss: 0.2331, eta: 0:08:25, time: 3.9781
INFO train.py(189): step: 1710/2610, loss_total: 24.0621, loss_in: 0.0023, loss_grad: 0.1122, ssim_loss: 0.2393, eta: 0:08:19, time: 3.9949
INFO train.py(189): step: 1720/2610, loss_total: 23.1822, loss_in: 0.0018, loss_grad: 0.0793, ssim_loss: 0.2308, eta: 0:08:13, time: 4.0302
INFO train.py(189): step: 1730/2610, loss_total: 25.2479, loss_in: 0.0023, loss_grad: 0.1201, ssim_loss: 0.2510, eta: 0:08:06, time: 3.9077
INFO train.py(189): step: 1740/2610, loss_total: 25.1227, loss_in: 0.0027, loss_grad: 0.1093, ssim_loss: 0.2499, eta: 0:08:00, time: 3.9923
INFO train.py(189): step: 1750/2610, loss_total: 25.8729, loss_in: 0.0022, loss_grad: 0.1312, ssim_loss: 0.2572, eta: 0:07:54, time: 3.9593
INFO train.py(189): step: 1760/2610, loss_total: 24.5680, loss_in: 0.0021, loss_grad: 0.1130, ssim_loss: 0.2443, eta: 0:07:47, time: 3.9676
INFO train.py(189): step: 1770/2610, loss_total: 24.6492, loss_in: 0.0022, loss_grad: 0.1037, ssim_loss: 0.2452, eta: 0:07:41, time: 3.9791
INFO train.py(189): step: 1780/2610, loss_total: 23.1305, loss_in: 0.0019, loss_grad: 0.0811, ssim_loss: 0.2303, eta: 0:07:35, time: 3.9768
INFO train.py(189): step: 1790/2610, loss_total: 24.5113, loss_in: 0.0025, loss_grad: 0.1164, ssim_loss: 0.2437, eta: 0:07:29, time: 3.9487
INFO train.py(189): step: 1800/2610, loss_total: 21.6237, loss_in: 0.0022, loss_grad: 0.0902, ssim_loss: 0.2151, eta: 0:07:23, time: 3.9307
INFO train.py(189): step: 1810/2610, loss_total: 21.4084, loss_in: 0.0028, loss_grad: 0.0622, ssim_loss: 0.2132, eta: 0:07:17, time: 3.9489
INFO train.py(189): step: 1820/2610, loss_total: 26.4525, loss_in: 0.0027, loss_grad: 0.1260, ssim_loss: 0.2630, eta: 0:07:10, time: 3.9491
INFO train.py(189): step: 1830/2610, loss_total: 24.7132, loss_in: 0.0019, loss_grad: 0.1015, ssim_loss: 0.2459, eta: 0:07:05, time: 4.6390
INFO train.py(189): step: 1840/2610, loss_total: 23.7538, loss_in: 0.0023, loss_grad: 0.0915, ssim_loss: 0.2364, eta: 0:06:59, time: 3.9522
INFO train.py(189): step: 1850/2610, loss_total: 25.8251, loss_in: 0.0024, loss_grad: 0.1014, ssim_loss: 0.2570, eta: 0:06:52, time: 3.9817
INFO train.py(189): step: 1860/2610, loss_total: 23.2191, loss_in: 0.0021, loss_grad: 0.0882, ssim_loss: 0.2311, eta: 0:06:46, time: 3.9975
INFO train.py(189): step: 1870/2610, loss_total: 22.4218, loss_in: 0.0018, loss_grad: 0.0970, ssim_loss: 0.2231, eta: 0:06:40, time: 3.9983
INFO train.py(189): step: 1880/2610, loss_total: 24.1285, loss_in: 0.0024, loss_grad: 0.1008, ssim_loss: 0.2400, eta: 0:06:35, time: 3.9907
INFO train.py(189): step: 1890/2610, loss_total: 21.5184, loss_in: 0.0016, loss_grad: 0.0720, ssim_loss: 0.2143, eta: 0:06:29, time: 3.9801
INFO train.py(189): step: 1900/2610, loss_total: 20.7393, loss_in: 0.0023, loss_grad: 0.0811, ssim_loss: 0.2064, eta: 0:06:23, time: 3.9850
INFO train.py(189): step: 1910/2610, loss_total: 22.6700, loss_in: 0.0026, loss_grad: 0.0972, ssim_loss: 0.2255, eta: 0:06:17, time: 4.0011
INFO train.py(189): step: 1920/2610, loss_total: 23.4168, loss_in: 0.0024, loss_grad: 0.1110, ssim_loss: 0.2328, eta: 0:06:11, time: 3.9854
INFO train.py(189): step: 1930/2610, loss_total: 25.2197, loss_in: 0.0027, loss_grad: 0.1180, ssim_loss: 0.2507, eta: 0:06:05, time: 4.0062
INFO train.py(189): step: 1940/2610, loss_total: 21.5269, loss_in: 0.0021, loss_grad: 0.0904, ssim_loss: 0.2142, eta: 0:05:59, time: 4.0303
INFO train.py(189): step: 1950/2610, loss_total: 23.8257, loss_in: 0.0022, loss_grad: 0.0875, ssim_loss: 0.2372, eta: 0:05:53, time: 3.9751
INFO train.py(189): step: 1960/2610, loss_total: 20.9767, loss_in: 0.0031, loss_grad: 0.0905, ssim_loss: 0.2085, eta: 0:05:47, time: 3.8921
INFO train.py(189): step: 1970/2610, loss_total: 23.1653, loss_in: 0.0027, loss_grad: 0.1023, ssim_loss: 0.2304, eta: 0:05:42, time: 3.9592
INFO train.py(189): step: 1980/2610, loss_total: 22.6899, loss_in: 0.0028, loss_grad: 0.0997, ssim_loss: 0.2256, eta: 0:05:36, time: 4.0068
INFO train.py(189): step: 1990/2610, loss_total: 23.2658, loss_in: 0.0020, loss_grad: 0.1052, ssim_loss: 0.2314, eta: 0:05:30, time: 3.9694
INFO train.py(189): step: 2000/2610, loss_total: 23.2412, loss_in: 0.0020, loss_grad: 0.0805, ssim_loss: 0.2314, eta: 0:05:24, time: 3.9625
INFO train.py(189): step: 2010/2610, loss_total: 22.3406, loss_in: 0.0020, loss_grad: 0.0894, ssim_loss: 0.2223, eta: 0:05:19, time: 3.9844
INFO train.py(189): step: 2020/2610, loss_total: 24.4646, loss_in: 0.0023, loss_grad: 0.0933, ssim_loss: 0.2435, eta: 0:05:13, time: 3.9863
INFO train.py(189): step: 2030/2610, loss_total: 24.8137, loss_in: 0.0025, loss_grad: 0.1131, ssim_loss: 0.2468, eta: 0:05:07, time: 3.9789
INFO train.py(189): step: 2040/2610, loss_total: 20.3969, loss_in: 0.0024, loss_grad: 0.0741, ssim_loss: 0.2030, eta: 0:05:02, time: 3.8920
INFO train.py(189): step: 2050/2610, loss_total: 21.5762, loss_in: 0.0025, loss_grad: 0.0942, ssim_loss: 0.2146, eta: 0:04:56, time: 3.9837
INFO train.py(189): step: 2060/2610, loss_total: 23.0425, loss_in: 0.0018, loss_grad: 0.0838, ssim_loss: 0.2294, eta: 0:04:50, time: 3.9810
INFO train.py(189): step: 2070/2610, loss_total: 21.7695, loss_in: 0.0020, loss_grad: 0.0765, ssim_loss: 0.2167, eta: 0:04:45, time: 3.9665
INFO train.py(189): step: 2080/2610, loss_total: 24.0406, loss_in: 0.0026, loss_grad: 0.1054, ssim_loss: 0.2391, eta: 0:04:39, time: 4.0175
INFO train.py(189): step: 2090/2610, loss_total: 21.7056, loss_in: 0.0029, loss_grad: 0.0778, ssim_loss: 0.2160, eta: 0:04:34, time: 4.7622
INFO train.py(189): step: 2100/2610, loss_total: 20.8563, loss_in: 0.0028, loss_grad: 0.0766, ssim_loss: 0.2075, eta: 0:04:28, time: 4.0294
INFO train.py(189): step: 2110/2610, loss_total: 25.2004, loss_in: 0.0025, loss_grad: 0.1143, ssim_loss: 0.2506, eta: 0:04:22, time: 4.0234
INFO train.py(189): step: 2120/2610, loss_total: 23.2098, loss_in: 0.0022, loss_grad: 0.0926, ssim_loss: 0.2310, eta: 0:04:17, time: 4.0268
INFO train.py(189): step: 2130/2610, loss_total: 22.8745, loss_in: 0.0024, loss_grad: 0.0862, ssim_loss: 0.2276, eta: 0:04:11, time: 4.2914
INFO train.py(189): step: 2140/2610, loss_total: 26.6989, loss_in: 0.0031, loss_grad: 0.1390, ssim_loss: 0.2653, eta: 0:04:06, time: 4.5022
INFO train.py(189): step: 2150/2610, loss_total: 22.3615, loss_in: 0.0034, loss_grad: 0.0901, ssim_loss: 0.2224, eta: 0:04:00, time: 3.9604
INFO train.py(189): step: 2160/2610, loss_total: 24.1829, loss_in: 0.0027, loss_grad: 0.1163, ssim_loss: 0.2404, eta: 0:03:55, time: 3.8337
INFO train.py(189): step: 2170/2610, loss_total: 24.4018, loss_in: 0.0028, loss_grad: 0.1157, ssim_loss: 0.2426, eta: 0:03:49, time: 3.8387
INFO train.py(189): step: 2180/2610, loss_total: 24.9351, loss_in: 0.0023, loss_grad: 0.1016, ssim_loss: 0.2481, eta: 0:03:44, time: 3.9891
INFO train.py(189): step: 2190/2610, loss_total: 26.5179, loss_in: 0.0034, loss_grad: 0.1436, ssim_loss: 0.2634, eta: 0:03:39, time: 3.8571
INFO train.py(189): step: 2200/2610, loss_total: 20.7673, loss_in: 0.0033, loss_grad: 0.0837, ssim_loss: 0.2065, eta: 0:03:33, time: 3.8384
INFO train.py(189): step: 2210/2610, loss_total: 23.4807, loss_in: 0.0024, loss_grad: 0.0966, ssim_loss: 0.2336, eta: 0:03:28, time: 3.9741
INFO train.py(189): step: 2220/2610, loss_total: 22.9887, loss_in: 0.0017, loss_grad: 0.0794, ssim_loss: 0.2289, eta: 0:03:22, time: 3.8593
INFO train.py(189): step: 2230/2610, loss_total: 24.8063, loss_in: 0.0027, loss_grad: 0.1206, ssim_loss: 0.2466, eta: 0:03:17, time: 3.9579
INFO train.py(189): step: 2240/2610, loss_total: 24.2128, loss_in: 0.0022, loss_grad: 0.1047, ssim_loss: 0.2409, eta: 0:03:11, time: 3.8803
INFO train.py(189): step: 2250/2610, loss_total: 22.0079, loss_in: 0.0019, loss_grad: 0.0747, ssim_loss: 0.2191, eta: 0:03:06, time: 3.9707
INFO train.py(189): step: 2260/2610, loss_total: 24.8277, loss_in: 0.0018, loss_grad: 0.0926, ssim_loss: 0.2472, eta: 0:03:01, time: 3.8269
INFO train.py(189): step: 2270/2610, loss_total: 22.8550, loss_in: 0.0024, loss_grad: 0.0941, ssim_loss: 0.2274, eta: 0:02:55, time: 3.8783
INFO train.py(189): step: 2280/2610, loss_total: 23.2451, loss_in: 0.0022, loss_grad: 0.0823, ssim_loss: 0.2314, eta: 0:02:50, time: 3.9872
INFO train.py(189): step: 2290/2610, loss_total: 22.1042, loss_in: 0.0022, loss_grad: 0.0843, ssim_loss: 0.2200, eta: 0:02:45, time: 3.8498
INFO train.py(189): step: 2300/2610, loss_total: 25.7256, loss_in: 0.0021, loss_grad: 0.1149, ssim_loss: 0.2559, eta: 0:02:39, time: 3.9556
INFO train.py(189): step: 2310/2610, loss_total: 24.2925, loss_in: 0.0025, loss_grad: 0.1113, ssim_loss: 0.2416, eta: 0:02:34, time: 3.8301
INFO train.py(189): step: 2320/2610, loss_total: 23.4043, loss_in: 0.0018, loss_grad: 0.0859, ssim_loss: 0.2330, eta: 0:02:29, time: 3.8423
INFO train.py(189): step: 2330/2610, loss_total: 22.2130, loss_in: 0.0021, loss_grad: 0.0774, ssim_loss: 0.2211, eta: 0:02:23, time: 3.8522
INFO train.py(189): step: 2340/2610, loss_total: 24.3409, loss_in: 0.0025, loss_grad: 0.0962, ssim_loss: 0.2422, eta: 0:02:18, time: 3.9563
INFO train.py(189): step: 2350/2610, loss_total: 22.9402, loss_in: 0.0014, loss_grad: 0.0851, ssim_loss: 0.2284, eta: 0:02:13, time: 4.6317
INFO train.py(189): step: 2360/2610, loss_total: 23.7755, loss_in: 0.0013, loss_grad: 0.0815, ssim_loss: 0.2368, eta: 0:02:08, time: 3.8930
INFO train.py(189): step: 2370/2610, loss_total: 23.6085, loss_in: 0.0024, loss_grad: 0.0945, ssim_loss: 0.2349, eta: 0:02:02, time: 3.9638
INFO train.py(189): step: 2380/2610, loss_total: 22.1456, loss_in: 0.0015, loss_grad: 0.0682, ssim_loss: 0.2206, eta: 0:01:57, time: 3.9962
INFO train.py(189): step: 2390/2610, loss_total: 25.8424, loss_in: 0.0018, loss_grad: 0.1108, ssim_loss: 0.2571, eta: 0:01:52, time: 3.9932
INFO train.py(189): step: 2400/2610, loss_total: 23.6850, loss_in: 0.0024, loss_grad: 0.1107, ssim_loss: 0.2355, eta: 0:01:47, time: 4.0249
INFO train.py(189): step: 2410/2610, loss_total: 22.7049, loss_in: 0.0025, loss_grad: 0.1040, ssim_loss: 0.2258, eta: 0:01:41, time: 4.0302
INFO train.py(189): step: 2420/2610, loss_total: 21.2735, loss_in: 0.0016, loss_grad: 0.0631, ssim_loss: 0.2119, eta: 0:01:36, time: 4.0265
INFO train.py(189): step: 2430/2610, loss_total: 26.4134, loss_in: 0.0024, loss_grad: 0.1212, ssim_loss: 0.2627, eta: 0:01:31, time: 4.0288
INFO train.py(189): step: 2440/2610, loss_total: 24.5247, loss_in: 0.0019, loss_grad: 0.0971, ssim_loss: 0.2441, eta: 0:01:26, time: 4.0318
INFO train.py(189): step: 2450/2610, loss_total: 25.7674, loss_in: 0.0031, loss_grad: 0.1289, ssim_loss: 0.2561, eta: 0:01:21, time: 4.0293
INFO train.py(189): step: 2460/2610, loss_total: 22.5874, loss_in: 0.0019, loss_grad: 0.0879, ssim_loss: 0.2248, eta: 0:01:16, time: 4.0487
INFO train.py(189): step: 2470/2610, loss_total: 22.0304, loss_in: 0.0016, loss_grad: 0.0680, ssim_loss: 0.2195, eta: 0:01:11, time: 3.8930
INFO train.py(189): step: 2480/2610, loss_total: 22.0929, loss_in: 0.0027, loss_grad: 0.0711, ssim_loss: 0.2199, eta: 0:01:05, time: 3.9433
INFO train.py(189): step: 2490/2610, loss_total: 18.8134, loss_in: 0.0028, loss_grad: 0.0725, ssim_loss: 0.1871, eta: 0:01:00, time: 3.8295
INFO train.py(189): step: 2500/2610, loss_total: 23.4359, loss_in: 0.0015, loss_grad: 0.0806, ssim_loss: 0.2334, eta: 0:00:55, time: 3.8505
INFO train.py(189): step: 2510/2610, loss_total: 25.3515, loss_in: 0.0017, loss_grad: 0.1070, ssim_loss: 0.2523, eta: 0:00:50, time: 3.9425
INFO train.py(189): step: 2520/2610, loss_total: 23.8357, loss_in: 0.0030, loss_grad: 0.1006, ssim_loss: 0.2370, eta: 0:00:45, time: 3.8382
INFO train.py(189): step: 2530/2610, loss_total: 24.0035, loss_in: 0.0022, loss_grad: 0.0936, ssim_loss: 0.2389, eta: 0:00:40, time: 3.9294
INFO train.py(189): step: 2540/2610, loss_total: 20.7714, loss_in: 0.0021, loss_grad: 0.0698, ssim_loss: 0.2068, eta: 0:00:35, time: 3.8866
INFO train.py(189): step: 2550/2610, loss_total: 22.6545, loss_in: 0.0023, loss_grad: 0.0971, ssim_loss: 0.2253, eta: 0:00:30, time: 3.9796
INFO train.py(189): step: 2560/2610, loss_total: 23.8814, loss_in: 0.0024, loss_grad: 0.0923, ssim_loss: 0.2377, eta: 0:00:25, time: 3.8718
INFO train.py(189): step: 2570/2610, loss_total: 23.9227, loss_in: 0.0022, loss_grad: 0.0829, ssim_loss: 0.2382, eta: 0:00:20, time: 3.9543
INFO train.py(189): step: 2580/2610, loss_total: 21.8339, loss_in: 0.0018, loss_grad: 0.0589, ssim_loss: 0.2176, eta: 0:00:15, time: 3.8300
INFO train.py(189): step: 2590/2610, loss_total: 25.2457, loss_in: 0.0027, loss_grad: 0.1230, ssim_loss: 0.2510, eta: 0:00:10, time: 3.8329
INFO train.py(189): step: 2600/2610, loss_total: 21.5371, loss_in: 0.0017, loss_grad: 0.0669, ssim_loss: 0.2145, eta: 0:00:05, time: 3.8985
INFO train.py(189): step: 2610/2610, loss_total: 25.1346, loss_in: 0.0022, loss_grad: 0.1097, ssim_loss: 0.2500, eta: 0:00:00, time: 3.9008
INFO train.py(200): MFNET Model Save to: model_last/my_cross/fusion_model_mfnet.pth
INFO train.py(201): 

